
> server@1.0.0 start
> nodemon -r esm server/index.js

[33m[nodemon] 2.0.20[39m
[33m[nodemon] to restart at any time, enter `rs`[39m
[33m[nodemon] watching path(s): *.*[39m
[33m[nodemon] watching extensions: js,mjs,json[39m
[32m[nodemon] starting `node -r esm server/index.js`[39m

    Server is running!
    Listening on port 4000
    Explore at https://studio.apollographql.com/sandbox
  
[32m[nodemon] restarting due to changes...[39m
[32m[nodemon] starting `node -r esm server/index.js`[39m

    Server is running!
    Listening on port 4000
    Explore at https://studio.apollographql.com/sandbox
  
[32m[nodemon] restarting due to changes...[39m
[32m[nodemon] starting `node -r esm server/index.js`[39m

    Server is running!
    Listening on port 4000
    Explore at https://studio.apollographql.com/sandbox
  
[32m[nodemon] restarting due to changes...[39m
[32m[nodemon] starting `node -r esm server/index.js`[39m

    Server is running!
    Listening on port 4000
    Explore at https://studio.apollographql.com/sandbox
  
[32m[nodemon] restarting due to changes...[39m
[32m[nodemon] starting `node -r esm server/index.js`[39m

    Server is running!
    Listening on port 4000
    Explore at https://studio.apollographql.com/sandbox
  
[32m[nodemon] restarting due to changes...[39m
[32m[nodemon] starting `node -r esm server/index.js`[39m

    Server is running!
    Listening on port 4000
    Explore at https://studio.apollographql.com/sandbox
  
[32m[nodemon] restarting due to changes...[39m
[32m[nodemon] starting `node -r esm server/index.js`[39m

    Server is running!
    Listening on port 4000
    Explore at https://studio.apollographql.com/sandbox
  
[32m[nodemon] restarting due to changes...[39m
[32m[nodemon] starting `node -r esm server/index.js`[39m
[32m[nodemon] restarting due to changes...[39m

    Server is running!
    Listening on port 4000
    Explore at https://studio.apollographql.com/sandbox
  
[32m[nodemon] starting `node -r esm server/index.js`[39m

    Server is running!
    Listening on port 4000
    Explore at https://studio.apollographql.com/sandbox
  
[32m[nodemon] restarting due to changes...[39m
[32m[nodemon] starting `node -r esm server/index.js`[39m

    Server is running!
    Listening on port 4000
    Explore at https://studio.apollographql.com/sandbox
  
[32m[nodemon] restarting due to changes...[39m
[32m[nodemon] starting `node -r esm server/index.js`[39m

    Server is running!
    Listening on port 4000
    Explore at https://studio.apollographql.com/sandbox
  
[32m[nodemon] restarting due to changes...[39m
[32m[nodemon] starting `node -r esm server/index.js`[39m

    Server is running!
    Listening on port 4000
    Explore at https://studio.apollographql.com/sandbox
  
[32m[nodemon] restarting due to changes...[39m
[32m[nodemon] starting `node -r esm server/index.js`[39m

    Server is running!
    Listening on port 4000
    Explore at https://studio.apollographql.com/sandbox
  
[32m[nodemon] restarting due to changes...[39m
[32m[nodemon] starting `node -r esm server/index.js`[39m

    Server is running!
    Listening on port 4000
    Explore at https://studio.apollographql.com/sandbox
  
[32m[nodemon] restarting due to changes...[39m
[32m[nodemon] starting `node -r esm server/index.js`[39m

    Server is running!
    Listening on port 4000
    Explore at https://studio.apollographql.com/sandbox
  
[32m[nodemon] restarting due to changes...[39m
[32m[nodemon] starting `node -r esm server/index.js`[39m

    Server is running!
    Listening on port 4000
    Explore at https://studio.apollographql.com/sandbox
  
[32m[nodemon] restarting due to changes...[39m
[32m[nodemon] starting `node -r esm server/index.js`[39m

    Server is running!
    Listening on port 4000
    Explore at https://studio.apollographql.com/sandbox
  
[32m[nodemon] restarting due to changes...[39m
[32m[nodemon] starting `node -r esm server/index.js`[39m

    Server is running!
    Listening on port 4000
    Explore at https://studio.apollographql.com/sandbox
  
[32m[nodemon] restarting due to changes...[39m
[32m[nodemon] starting `node -r esm server/index.js`[39m

    Server is running!
    Listening on port 4000
    Explore at https://studio.apollographql.com/sandbox
  
[32m[nodemon] restarting due to changes...[39m
[32m[nodemon] starting `node -r esm server/index.js`[39m

    Server is running!
    Listening on port 4000
    Explore at https://studio.apollographql.com/sandbox
  
[32m[nodemon] restarting due to changes...[39m
[32m[nodemon] starting `node -r esm server/index.js`[39m

    Server is running!
    Listening on port 4000
    Explore at https://studio.apollographql.com/sandbox
  
[32m[nodemon] restarting due to changes...[39m
[32m[nodemon] starting `node -r esm server/index.js`[39m

    Server is running!
    Listening on port 4000
    Explore at https://studio.apollographql.com/sandbox
  
[32m[nodemon] restarting due to changes...[39m
[32m[nodemon] starting `node -r esm server/index.js`[39m

    Server is running!
    Listening on port 4000
    Explore at https://studio.apollographql.com/sandbox
  
[32m[nodemon] restarting due to changes...[39m
[32m[nodemon] starting `node -r esm server/index.js`[39m

    Server is running!
    Listening on port 4000
    Explore at https://studio.apollographql.com/sandbox
  
[32m[nodemon] restarting due to changes...[39m
[32m[nodemon] starting `node -r esm server/index.js`[39m

    Server is running!
    Listening on port 4000
    Explore at https://studio.apollographql.com/sandbox
  
[32m[nodemon] restarting due to changes...[39m
[32m[nodemon] starting `node -r esm server/index.js`[39m

    Server is running!
    Listening on port 4000
    Explore at https://studio.apollographql.com/sandbox
  
[32m[nodemon] restarting due to changes...[39m
[32m[nodemon] starting `node -r esm server/index.js`[39m

    Server is running!
    Listening on port 4000
    Explore at https://studio.apollographql.com/sandbox
  
[32m[nodemon] restarting due to changes...[39m
[32m[nodemon] starting `node -r esm server/index.js`[39m
[32m[nodemon] restarting due to changes...[39m
[32m[nodemon] starting `node -r esm server/index.js`[39m

    Server is running!
    Listening on port 4000
    Explore at https://studio.apollographql.com/sandbox
  
[32m[nodemon] restarting due to changes...[39m
[32m[nodemon] starting `node -r esm server/index.js`[39m
[32m[nodemon] restarting due to changes...[39m
[32m[nodemon] starting `node -r esm server/index.js`[39m

    Server is running!
    Listening on port 4000
    Explore at https://studio.apollographql.com/sandbox
  
[32m[nodemon] restarting due to changes...[39m
[32m[nodemon] starting `node -r esm server/index.js`[39m

    Server is running!
    Listening on port 4000
    Explore at https://studio.apollographql.com/sandbox
  
[32m[nodemon] restarting due to changes...[39m
[32m[nodemon] starting `node -r esm server/index.js`[39m

    Server is running!
    Listening on port 4000
    Explore at https://studio.apollographql.com/sandbox
  
[32m[nodemon] restarting due to changes...[39m
[32m[nodemon] starting `node -r esm server/index.js`[39m
[32m[nodemon] restarting due to changes...[39m
[32m[nodemon] starting `node -r esm server/index.js`[39m
[32m[nodemon] restarting due to changes...[39m
[32m[nodemon] starting `node -r esm server/index.js`[39m

    Server is running!
    Listening on port 4000
    Explore at https://studio.apollographql.com/sandbox
  
[32m[nodemon] restarting due to changes...[39m
[32m[nodemon] starting `node -r esm server/index.js`[39m

    Server is running!
    Listening on port 4000
    Explore at https://studio.apollographql.com/sandbox
  
[32m[nodemon] restarting due to changes...[39m
[32m[nodemon] restarting due to changes...[39m
[32m[nodemon] starting `node -r esm server/index.js`[39m
[32m[nodemon] restarting due to changes...[39m

    Server is running!
    Listening on port 4000
    Explore at https://studio.apollographql.com/sandbox
  
[32m[nodemon] starting `node -r esm server/index.js`[39m

    Server is running!
    Listening on port 4000
    Explore at https://studio.apollographql.com/sandbox
  
[32m[nodemon] restarting due to changes...[39m
[32m[nodemon] starting `node -r esm server/index.js`[39m

    Server is running!
    Listening on port 4000
    Explore at https://studio.apollographql.com/sandbox
  
[32m[nodemon] restarting due to changes...[39m
[32m[nodemon] starting `node -r esm server/index.js`[39m

    Server is running!
    Listening on port 4000
    Explore at https://studio.apollographql.com/sandbox
  
[32m[nodemon] restarting due to changes...[39m
[32m[nodemon] starting `node -r esm server/index.js`[39m

    Server is running!
    Listening on port 4000
    Explore at https://studio.apollographql.com/sandbox
  
[32m[nodemon] restarting due to changes...[39m
[32m[nodemon] starting `node -r esm server/index.js`[39m

    Server is running!
    Listening on port 4000
    Explore at https://studio.apollographql.com/sandbox
  
[32m[nodemon] restarting due to changes...[39m
[32m[nodemon] starting `node -r esm server/index.js`[39m

    Server is running!
    Listening on port 4000
    Explore at https://studio.apollographql.com/sandbox
  
[32m[nodemon] restarting due to changes...[39m
[32m[nodemon] starting `node -r esm server/index.js`[39m

    Server is running!
    Listening on port 4000
    Explore at https://studio.apollographql.com/sandbox
  
[32m[nodemon] restarting due to changes...[39m
[32m[nodemon] starting `node -r esm server/index.js`[39m

    Server is running!
    Listening on port 4000
    Explore at https://studio.apollographql.com/sandbox
  
[32m[nodemon] restarting due to changes...[39m
[32m[nodemon] starting `node -r esm server/index.js`[39m

    Server is running!
    Listening on port 4000
    Explore at https://studio.apollographql.com/sandbox
  
[32m[nodemon] restarting due to changes...[39m
[32m[nodemon] starting `node -r esm server/index.js`[39m

    Server is running!
    Listening on port 4000
    Explore at https://studio.apollographql.com/sandbox
  
[32m[nodemon] restarting due to changes...[39m
[32m[nodemon] starting `node -r esm server/index.js`[39m

    Server is running!
    Listening on port 4000
    Explore at https://studio.apollographql.com/sandbox
  
[32m[nodemon] restarting due to changes...[39m
[32m[nodemon] starting `node -r esm server/index.js`[39m

    Server is running!
    Listening on port 4000
    Explore at https://studio.apollographql.com/sandbox
  
[32m[nodemon] restarting due to changes...[39m
[32m[nodemon] starting `node -r esm server/index.js`[39m

    Server is running!
    Listening on port 4000
    Explore at https://studio.apollographql.com/sandbox
  
[32m[nodemon] restarting due to changes...[39m
[32m[nodemon] starting `node -r esm server/index.js`[39m

    Server is running!
    Listening on port 4000
    Explore at https://studio.apollographql.com/sandbox
  
[32m[nodemon] restarting due to changes...[39m
[32m[nodemon] starting `node -r esm server/index.js`[39m

    Server is running!
    Listening on port 4000
    Explore at https://studio.apollographql.com/sandbox
  
[32m[nodemon] restarting due to changes...[39m
[32m[nodemon] starting `node -r esm server/index.js`[39m

    Server is running!
    Listening on port 4000
    Explore at https://studio.apollographql.com/sandbox
  
